Using pre-set license
Built from '2021.1/staging' branch; Version is '2021.1.6f1 (c0fade0cc7e9) revision 12647134'; Using compiler version '192528614'; Build Type 'Release'
OS: 'Windows 10 Home; OS build 19043.1348; Version 2009; 64bit' Language: 'en' Physical Memory: 16310 MB
BatchMode: 1, IsHumanControllingUs: 0, StartBugReporterOnCrash: 0, Is64bit: 1, IsPro: 0

 COMMAND LINE ARGUMENTS:
C:\Program Files\Unity\Hub\Editor\2021.1.6f1\Editor\Unity.exe
-adb2
-batchMode
-noUpm
-name
AssetImportWorker0
-projectPath
C:/Users/rgfai/Documents/Repositories/AvatarCreator/AvatarCreator/AvatarCreator
-logFile
Logs/AssetImportWorker0.log
-srvPort
51450
Successfully changed project path to: C:/Users/rgfai/Documents/Repositories/AvatarCreator/AvatarCreator/AvatarCreator
C:/Users/rgfai/Documents/Repositories/AvatarCreator/AvatarCreator/AvatarCreator
Using Asset Import Pipeline V2.
Refreshing native plugins compatible for Editor in 74.57 ms, found 1 plugins.
Preloading 0 native plugins for Editor in 0.00 ms.
Initialize engine version: 2021.1.6f1 (c0fade0cc7e9)
[Subsystems] Discovering subsystems at path C:/Program Files/Unity/Hub/Editor/2021.1.6f1/Editor/Data/Resources/UnitySubsystems
[Subsystems] Discovering subsystems at path C:/Users/rgfai/Documents/Repositories/AvatarCreator/AvatarCreator/AvatarCreator/Assets
GfxDevice: creating device client; threaded=0; jobified=0
Direct3D:
    Version:  Direct3D 11.0 [level 11.1]
    Renderer: NVIDIA GeForce RTX 2060 (ID=0x1e89)
    Vendor:   NVIDIA
    VRAM:     5974 MB
    Driver:   30.0.14.9649
Initialize mono
Mono path[0] = 'C:/Program Files/Unity/Hub/Editor/2021.1.6f1/Editor/Data/Managed'
Mono path[1] = 'C:/Program Files/Unity/Hub/Editor/2021.1.6f1/Editor/Data/MonoBleedingEdge/lib/mono/unityjit'
Mono config path = 'C:/Program Files/Unity/Hub/Editor/2021.1.6f1/Editor/Data/MonoBleedingEdge/etc'
Using monoOptions --debugger-agent=transport=dt_socket,embedding=1,server=y,suspend=n,address=127.0.0.1:56248
Begin MonoManager ReloadAssembly
Registering precompiled unity dll's ...
Register platform support module: C:/Program Files/Unity/Hub/Editor/2021.1.6f1/Editor/Data/PlaybackEngines/WebGLSupport/UnityEditor.WebGL.Extensions.dll
Register platform support module: C:/Program Files/Unity/Hub/Editor/2021.1.6f1/Editor/Data/PlaybackEngines/WindowsStandaloneSupport/UnityEditor.WindowsStandalone.Extensions.dll
Registered in 0.002634 seconds.
Native extension for WindowsStandalone target not found
Native extension for WebGL target not found
Refreshing native plugins compatible for Editor in 76.83 ms, found 1 plugins.
Preloading 0 native plugins for Editor in 0.00 ms.
Mono: successfully reloaded assembly
- Completed reload, in  1.268 seconds
Platform modules already initialized, skipping
Registering precompiled user dll's ...
Registered in 0.003229 seconds.
Begin MonoManager ReloadAssembly
Native extension for WindowsStandalone target not found
Native extension for WebGL target not found
Refreshing native plugins compatible for Editor in 0.54 ms, found 1 plugins.
Preloading 0 native plugins for Editor in 0.00 ms.
Mono: successfully reloaded assembly
- Completed reload, in  0.999 seconds
Platform modules already initialized, skipping
========================================================================
Worker process is ready to serve import requests
Launched and connected shader compiler UnityShaderCompiler.exe after 0.04 seconds
Refreshing native plugins compatible for Editor in 0.55 ms, found 1 plugins.
Preloading 0 native plugins for Editor in 0.00 ms.
Unloading 2679 Unused Serialized files (Serialized files now loaded: 0)
System memory in use before: 101.4 MB.
System memory in use after: 101.6 MB.

Unloading 15 unused Assets to reduce memory usage. Loaded Objects now: 3134.
Total: 3.436300 ms (FindLiveObjects: 0.650300 ms CreateObjectMapping: 0.390700 ms MarkObjects: 2.232400 ms  DeleteObjects: 0.161300 ms)

========================================================================
Received Import Request.
  path: Assets/Face.png
  artifactKey: Guid(78d08877664894a439da9c0fcf56ac2e) Importer(815301076,1909f56bfc062723c751e8b465ee728b)
Start importing Assets/Face.png using Guid(78d08877664894a439da9c0fcf56ac2e) Importer(815301076,1909f56bfc062723c751e8b465ee728b)  -> (artifact id: 'bb83ecfad8538246f1c50c032df67608') in 0.112974 seconds 
========================================================================
Received Import Request.
  Time since last request: 80.924381 seconds.
  path: Assets/PlayerAssets
  artifactKey: Guid(2eb025d09b4c8034eac581fbb8bb3d2c) Importer(815301076,1909f56bfc062723c751e8b465ee728b)
Start importing Assets/PlayerAssets using Guid(2eb025d09b4c8034eac581fbb8bb3d2c) Importer(815301076,1909f56bfc062723c751e8b465ee728b)  -> (artifact id: 'b2acd5fef77534da9d860a132cdd00db') in 0.007292 seconds 
========================================================================
Received Prepare
Registering precompiled user dll's ...
Registered in 0.003110 seconds.
Begin MonoManager ReloadAssembly
Native extension for WindowsStandalone target not found
Native extension for WebGL target not found
Refreshing native plugins compatible for Editor in 0.46 ms, found 1 plugins.
Preloading 0 native plugins for Editor in 0.00 ms.
Mono: successfully reloaded assembly
- Completed reload, in  0.852 seconds
Platform modules already initialized, skipping
Refreshing native plugins compatible for Editor in 0.58 ms, found 1 plugins.
Preloading 0 native plugins for Editor in 0.00 ms.
Unloading 2662 Unused Serialized files (Serialized files now loaded: 0)
System memory in use before: 101.3 MB.
System memory in use after: 101.4 MB.

Unloading 10 unused Assets to reduce memory usage. Loaded Objects now: 3154.
Total: 2.282600 ms (FindLiveObjects: 0.217700 ms CreateObjectMapping: 0.159800 ms MarkObjects: 1.812300 ms  DeleteObjects: 0.091600 ms)

========================================================================
Received Import Request.
  Time since last request: 221.173975 seconds.
  path: Assets/Materials/Face.mat
  artifactKey: Guid(7600f713d33d8cf429ef7b9faa82eb62) Importer(815301076,1909f56bfc062723c751e8b465ee728b)
Start importing Assets/Materials/Face.mat using Guid(7600f713d33d8cf429ef7b9faa82eb62) Importer(815301076,1909f56bfc062723c751e8b465ee728b)  -> (artifact id: '0d208479c3db0532e60929bb19f5d16f') in 0.077075 seconds 
========================================================================
Received Import Request.
  Time since last request: 15.427061 seconds.
  path: Assets/Materials
  artifactKey: Guid(2878fde2eac6b6d40afede1cb979a8a2) Importer(815301076,1909f56bfc062723c751e8b465ee728b)
Start importing Assets/Materials using Guid(2878fde2eac6b6d40afede1cb979a8a2) Importer(815301076,1909f56bfc062723c751e8b465ee728b)  -> (artifact id: 'c250b3324548f8ee080b34896023c4d6') in 0.008070 seconds 
========================================================================
Received Import Request.
  Time since last request: 4.076770 seconds.
  path: Assets/Materials/White.mat
  artifactKey: Guid(45a21cf60c746ef4b8e9af0f388858ed) Importer(815301076,1909f56bfc062723c751e8b465ee728b)
Start importing Assets/Materials/White.mat using Guid(45a21cf60c746ef4b8e9af0f388858ed) Importer(815301076,1909f56bfc062723c751e8b465ee728b)  -> (artifact id: '50d0ef6fc248e63f160863328842687b') in 0.017380 seconds 
========================================================================
Received Import Request.
  Time since last request: 7.696632 seconds.
  path: Assets/Materials/Face.mat
  artifactKey: Guid(7600f713d33d8cf429ef7b9faa82eb62) Importer(815301076,1909f56bfc062723c751e8b465ee728b)
Start importing Assets/Materials/Face.mat using Guid(7600f713d33d8cf429ef7b9faa82eb62) Importer(815301076,1909f56bfc062723c751e8b465ee728b)  -> (artifact id: 'b67b742ea55e1c0ea58591dbfa25ef6a') in 0.017024 seconds 
========================================================================
Received Import Request.
  Time since last request: 493.649003 seconds.
  path: Assets/Hand.fbx
  artifactKey: Guid(7dfea309081a9284f83943b37627eee9) Importer(815301076,1909f56bfc062723c751e8b465ee728b)
Start importing Assets/Hand.fbx using Guid(7dfea309081a9284f83943b37627eee9) Importer(815301076,1909f56bfc062723c751e8b465ee728b)  -> (artifact id: '7cc4454af80890bb75271702d90ffba6') in 0.121764 seconds 
========================================================================
Received Import Request.
  Time since last request: 312.819132 seconds.
  path: Assets/PlayerAssets/Hats
  artifactKey: Guid(637e7612a4bfbb14c99b39f68dd102fa) Importer(815301076,1909f56bfc062723c751e8b465ee728b)
Start importing Assets/PlayerAssets/Hats using Guid(637e7612a4bfbb14c99b39f68dd102fa) Importer(815301076,1909f56bfc062723c751e8b465ee728b)  -> (artifact id: '6021b5f41894aa11b8d03eb68a92770e') in 0.006084 seconds 
========================================================================
Received Import Request.
  Time since last request: 3.772392 seconds.
  path: Assets/PlayerAssets/Eyes
  artifactKey: Guid(72735c5af44cafe499f40f93e9b92189) Importer(815301076,1909f56bfc062723c751e8b465ee728b)
Start importing Assets/PlayerAssets/Eyes using Guid(72735c5af44cafe499f40f93e9b92189) Importer(815301076,1909f56bfc062723c751e8b465ee728b)  -> (artifact id: '1d0f641ab42e299cc6210a86d55095fa') in 0.005761 seconds 
========================================================================
Received Import Request.
  Time since last request: 5.614011 seconds.
  path: Assets/PlayerAssets/Over Eyes
  artifactKey: Guid(f6ae4bf2a0171d048bb1c11ebc90f39a) Importer(815301076,1909f56bfc062723c751e8b465ee728b)
Start importing Assets/PlayerAssets/Over Eyes using Guid(f6ae4bf2a0171d048bb1c11ebc90f39a) Importer(815301076,1909f56bfc062723c751e8b465ee728b)  -> (artifact id: '5c012629b2a2773749f045151c171353') in 0.005843 seconds 
========================================================================
Received Import Request.
  Time since last request: 5.707419 seconds.
  path: Assets/PlayerAssets/Nose
  artifactKey: Guid(388c91dea63c2e5418da66d71804d385) Importer(815301076,1909f56bfc062723c751e8b465ee728b)
Start importing Assets/PlayerAssets/Nose using Guid(388c91dea63c2e5418da66d71804d385) Importer(815301076,1909f56bfc062723c751e8b465ee728b)  -> (artifact id: '53cfe0b44633797ec4e5069521a42c90') in 0.006268 seconds 
========================================================================
Received Import Request.
  Time since last request: 4.904731 seconds.
  path: Assets/PlayerAssets/Mouth
  artifactKey: Guid(8cc9a1c133ffe8c43afdc9322dd0b67e) Importer(815301076,1909f56bfc062723c751e8b465ee728b)
Start importing Assets/PlayerAssets/Mouth using Guid(8cc9a1c133ffe8c43afdc9322dd0b67e) Importer(815301076,1909f56bfc062723c751e8b465ee728b)  -> (artifact id: 'afea8a81695000a4cfe81f2fab6d0cdc') in 0.006078 seconds 
========================================================================
Received Import Request.
  Time since last request: 5.268986 seconds.
  path: Assets/PlayerAssets/Mouth 1
  artifactKey: Guid(908dd3a6101af894bab4886b832a608c) Importer(815301076,1909f56bfc062723c751e8b465ee728b)
Start importing Assets/PlayerAssets/Mouth 1 using Guid(908dd3a6101af894bab4886b832a608c) Importer(815301076,1909f56bfc062723c751e8b465ee728b)  -> (artifact id: '55e15012272ff7a252f08472e9d2a57b') in 0.007138 seconds 
========================================================================
Received Import Request.
  Time since last request: 12.996424 seconds.
  path: Assets/PlayerAssets/Shirt
  artifactKey: Guid(ecc349828230c784ba382fec8de391f3) Importer(815301076,1909f56bfc062723c751e8b465ee728b)
Start importing Assets/PlayerAssets/Shirt using Guid(ecc349828230c784ba382fec8de391f3) Importer(815301076,1909f56bfc062723c751e8b465ee728b)  -> (artifact id: 'a55c88fd482b25ae5efe8599582135f8') in 0.005927 seconds 
========================================================================
Received Import Request.
  Time since last request: 5.359330 seconds.
  path: Assets/PlayerAssets/Jacket
  artifactKey: Guid(025fdc0e975369544b8f9de48f4897cc) Importer(815301076,1909f56bfc062723c751e8b465ee728b)
Start importing Assets/PlayerAssets/Jacket using Guid(025fdc0e975369544b8f9de48f4897cc) Importer(815301076,1909f56bfc062723c751e8b465ee728b)  -> (artifact id: 'a7bc4b3721679e6792be27ff17b733cc') in 0.006245 seconds 
========================================================================
Received Import Request.
  Time since last request: 4.452607 seconds.
  path: Assets/PlayerAssets/Necklace
  artifactKey: Guid(a1d05a3157b9b39489b0a798c9b427f0) Importer(815301076,1909f56bfc062723c751e8b465ee728b)
Start importing Assets/PlayerAssets/Necklace using Guid(a1d05a3157b9b39489b0a798c9b427f0) Importer(815301076,1909f56bfc062723c751e8b465ee728b)  -> (artifact id: 'b561bdc5e20a24d41f3d601050b6a91c') in 0.008161 seconds 
========================================================================
Received Import Request.
  Time since last request: 5.714675 seconds.
  path: Assets/PlayerAssets/LeftWrist
  artifactKey: Guid(c973d70e885d4b0419ba7293d1fca251) Importer(815301076,1909f56bfc062723c751e8b465ee728b)
Start importing Assets/PlayerAssets/LeftWrist using Guid(c973d70e885d4b0419ba7293d1fca251) Importer(815301076,1909f56bfc062723c751e8b465ee728b)  -> (artifact id: 'd1e1831a990b1393e5364e71ce8dd7ec') in 0.006599 seconds 
========================================================================
Received Import Request.
  Time since last request: 6.845494 seconds.
  path: Assets/PlayerAssets/LHand
  artifactKey: Guid(b6342804352044944a9ea4c5a897a273) Importer(815301076,1909f56bfc062723c751e8b465ee728b)
Start importing Assets/PlayerAssets/LHand using Guid(b6342804352044944a9ea4c5a897a273) Importer(815301076,1909f56bfc062723c751e8b465ee728b)  -> (artifact id: '4747a742c2b4a71f0de9e3444c65925a') in 0.007043 seconds 
========================================================================
Received Import Request.
  Time since last request: 4.916359 seconds.
  path: Assets/PlayerAssets/RHand
  artifactKey: Guid(d5e537058cd63154ea1f5d034fffe681) Importer(815301076,1909f56bfc062723c751e8b465ee728b)
Start importing Assets/PlayerAssets/RHand using Guid(d5e537058cd63154ea1f5d034fffe681) Importer(815301076,1909f56bfc062723c751e8b465ee728b)  -> (artifact id: '3a17115fca638b3dc88bb09d3f9b93fc') in 0.006274 seconds 
========================================================================
Received Prepare
Registering precompiled user dll's ...
Registered in 0.003478 seconds.
Begin MonoManager ReloadAssembly
Native extension for WindowsStandalone target not found
Native extension for WebGL target not found
Refreshing native plugins compatible for Editor in 0.48 ms, found 1 plugins.
Preloading 0 native plugins for Editor in 0.00 ms.
Mono: successfully reloaded assembly
- Completed reload, in  0.905 seconds
Platform modules already initialized, skipping
Refreshing native plugins compatible for Editor in 0.53 ms, found 1 plugins.
Preloading 0 native plugins for Editor in 0.00 ms.
Unloading 2662 Unused Serialized files (Serialized files now loaded: 0)
System memory in use before: 119.0 MB.
System memory in use after: 119.2 MB.

Unloading 10 unused Assets to reduce memory usage. Loaded Objects now: 3201.
Total: 3.171000 ms (FindLiveObjects: 0.240600 ms CreateObjectMapping: 0.152600 ms MarkObjects: 2.712400 ms  DeleteObjects: 0.064200 ms)

========================================================================
Received Prepare
Registering precompiled user dll's ...
Registered in 0.003189 seconds.
Begin MonoManager ReloadAssembly
Native extension for WindowsStandalone target not found
Native extension for WebGL target not found
Refreshing native plugins compatible for Editor in 0.46 ms, found 1 plugins.
Preloading 0 native plugins for Editor in 0.00 ms.
Mono: successfully reloaded assembly
- Completed reload, in  0.863 seconds
Platform modules already initialized, skipping
Refreshing native plugins compatible for Editor in 0.52 ms, found 1 plugins.
Preloading 0 native plugins for Editor in 0.00 ms.
Unloading 2662 Unused Serialized files (Serialized files now loaded: 0)
System memory in use before: 119.0 MB.
System memory in use after: 119.2 MB.

Unloading 10 unused Assets to reduce memory usage. Loaded Objects now: 3204.
Total: 1.862300 ms (FindLiveObjects: 0.207700 ms CreateObjectMapping: 0.116500 ms MarkObjects: 1.479200 ms  DeleteObjects: 0.058000 ms)

========================================================================
Received Prepare
Registering precompiled user dll's ...
Registered in 0.003127 seconds.
Begin MonoManager ReloadAssembly
Native extension for WindowsStandalone target not found
Native extension for WebGL target not found
Refreshing native plugins compatible for Editor in 0.53 ms, found 1 plugins.
Preloading 0 native plugins for Editor in 0.00 ms.
Mono: successfully reloaded assembly
- Completed reload, in  0.855 seconds
Platform modules already initialized, skipping
Refreshing native plugins compatible for Editor in 0.47 ms, found 1 plugins.
Preloading 0 native plugins for Editor in 0.00 ms.
Unloading 2662 Unused Serialized files (Serialized files now loaded: 0)
System memory in use before: 119.1 MB.
System memory in use after: 119.3 MB.

Unloading 10 unused Assets to reduce memory usage. Loaded Objects now: 3207.
Total: 2.013400 ms (FindLiveObjects: 0.216600 ms CreateObjectMapping: 0.113900 ms MarkObjects: 1.627400 ms  DeleteObjects: 0.054300 ms)

========================================================================
Received Prepare
Registering precompiled user dll's ...
Registered in 0.003120 seconds.
Begin MonoManager ReloadAssembly
Native extension for WindowsStandalone target not found
Native extension for WebGL target not found
Refreshing native plugins compatible for Editor in 0.45 ms, found 1 plugins.
Preloading 0 native plugins for Editor in 0.00 ms.
Mono: successfully reloaded assembly
- Completed reload, in  0.852 seconds
Platform modules already initialized, skipping
Refreshing native plugins compatible for Editor in 0.46 ms, found 1 plugins.
Preloading 0 native plugins for Editor in 0.00 ms.
Unloading 2662 Unused Serialized files (Serialized files now loaded: 0)
System memory in use before: 119.1 MB.
System memory in use after: 119.3 MB.

Unloading 10 unused Assets to reduce memory usage. Loaded Objects now: 3210.
Total: 1.798500 ms (FindLiveObjects: 0.198900 ms CreateObjectMapping: 0.115200 ms MarkObjects: 1.442500 ms  DeleteObjects: 0.041100 ms)

========================================================================
Received Prepare
Registering precompiled user dll's ...
Registered in 0.003401 seconds.
Begin MonoManager ReloadAssembly
Native extension for WindowsStandalone target not found
Native extension for WebGL target not found
Refreshing native plugins compatible for Editor in 0.49 ms, found 1 plugins.
Preloading 0 native plugins for Editor in 0.00 ms.
Mono: successfully reloaded assembly
- Completed reload, in  0.857 seconds
Platform modules already initialized, skipping
Refreshing native plugins compatible for Editor in 0.47 ms, found 1 plugins.
Preloading 0 native plugins for Editor in 0.00 ms.
Unloading 2662 Unused Serialized files (Serialized files now loaded: 0)
System memory in use before: 119.1 MB.
System memory in use after: 119.3 MB.

Unloading 10 unused Assets to reduce memory usage. Loaded Objects now: 3213.
Total: 1.811100 ms (FindLiveObjects: 0.219300 ms CreateObjectMapping: 0.117700 ms MarkObjects: 1.431600 ms  DeleteObjects: 0.041900 ms)

========================================================================
Received Prepare
Registering precompiled user dll's ...
Registered in 0.003321 seconds.
Begin MonoManager ReloadAssembly
Native extension for WindowsStandalone target not found
Native extension for WebGL target not found
Refreshing native plugins compatible for Editor in 0.65 ms, found 1 plugins.
Preloading 0 native plugins for Editor in 0.00 ms.
Mono: successfully reloaded assembly
- Completed reload, in  0.957 seconds
Platform modules already initialized, skipping
Refreshing native plugins compatible for Editor in 0.56 ms, found 1 plugins.
Preloading 0 native plugins for Editor in 0.00 ms.
Unloading 2662 Unused Serialized files (Serialized files now loaded: 0)
System memory in use before: 119.1 MB.
System memory in use after: 119.3 MB.

Unloading 10 unused Assets to reduce memory usage. Loaded Objects now: 3216.
Total: 2.489200 ms (FindLiveObjects: 0.392900 ms CreateObjectMapping: 0.154000 ms MarkObjects: 1.859000 ms  DeleteObjects: 0.082500 ms)

========================================================================
Received Prepare
Registering precompiled user dll's ...
Registered in 0.003200 seconds.
Begin MonoManager ReloadAssembly
Native extension for WindowsStandalone target not found
Native extension for WebGL target not found
Refreshing native plugins compatible for Editor in 0.56 ms, found 1 plugins.
Preloading 0 native plugins for Editor in 0.00 ms.
Mono: successfully reloaded assembly
- Completed reload, in  0.863 seconds
Platform modules already initialized, skipping
Refreshing native plugins compatible for Editor in 0.49 ms, found 1 plugins.
Preloading 0 native plugins for Editor in 0.00 ms.
Unloading 2662 Unused Serialized files (Serialized files now loaded: 0)
System memory in use before: 119.1 MB.
System memory in use after: 119.3 MB.

Unloading 10 unused Assets to reduce memory usage. Loaded Objects now: 3219.
Total: 2.304800 ms (FindLiveObjects: 0.201600 ms CreateObjectMapping: 0.116900 ms MarkObjects: 1.938300 ms  DeleteObjects: 0.046800 ms)

========================================================================
Received Prepare
Registering precompiled user dll's ...
Registered in 0.003595 seconds.
Begin MonoManager ReloadAssembly
Native extension for WindowsStandalone target not found
Native extension for WebGL target not found
Refreshing native plugins compatible for Editor in 0.48 ms, found 1 plugins.
Preloading 0 native plugins for Editor in 0.00 ms.
Mono: successfully reloaded assembly
- Completed reload, in  0.839 seconds
Platform modules already initialized, skipping
Refreshing native plugins compatible for Editor in 0.52 ms, found 1 plugins.
Preloading 0 native plugins for Editor in 0.00 ms.
Unloading 2662 Unused Serialized files (Serialized files now loaded: 0)
System memory in use before: 119.1 MB.
System memory in use after: 119.3 MB.

Unloading 10 unused Assets to reduce memory usage. Loaded Objects now: 3222.
Total: 2.016000 ms (FindLiveObjects: 0.232100 ms CreateObjectMapping: 0.149500 ms MarkObjects: 1.585000 ms  DeleteObjects: 0.048300 ms)

========================================================================
Received Prepare
Registering precompiled user dll's ...
Registered in 0.003416 seconds.
Begin MonoManager ReloadAssembly
Native extension for WindowsStandalone target not found
Native extension for WebGL target not found
Refreshing native plugins compatible for Editor in 0.47 ms, found 1 plugins.
Preloading 0 native plugins for Editor in 0.00 ms.
Mono: successfully reloaded assembly
- Completed reload, in  0.855 seconds
Platform modules already initialized, skipping
Refreshing native plugins compatible for Editor in 0.47 ms, found 1 plugins.
Preloading 0 native plugins for Editor in 0.00 ms.
Unloading 2663 Unused Serialized files (Serialized files now loaded: 0)
System memory in use before: 119.1 MB.
System memory in use after: 119.3 MB.

Unloading 10 unused Assets to reduce memory usage. Loaded Objects now: 3226.
Total: 1.934000 ms (FindLiveObjects: 0.216400 ms CreateObjectMapping: 0.125000 ms MarkObjects: 1.543100 ms  DeleteObjects: 0.048700 ms)

========================================================================
Received Import Request.
  Time since last request: 3099.854713 seconds.
  path: Assets/backButtonForSelectionMenu.cs
  artifactKey: Guid(504dc057e56642a49a64c97fd1d5fcf7) Importer(815301076,1909f56bfc062723c751e8b465ee728b)
Start importing Assets/backButtonForSelectionMenu.cs using Guid(504dc057e56642a49a64c97fd1d5fcf7) Importer(815301076,1909f56bfc062723c751e8b465ee728b)  -> (artifact id: '8d16006d4194732101dc57b9a12e802e') in 0.012861 seconds 
========================================================================
Received Prepare
Registering precompiled user dll's ...
Registered in 0.003724 seconds.
Begin MonoManager ReloadAssembly
Native extension for WindowsStandalone target not found
Native extension for WebGL target not found
Refreshing native plugins compatible for Editor in 0.46 ms, found 1 plugins.
Preloading 0 native plugins for Editor in 0.00 ms.
Mono: successfully reloaded assembly
- Completed reload, in  0.846 seconds
Platform modules already initialized, skipping
Refreshing native plugins compatible for Editor in 0.58 ms, found 1 plugins.
Preloading 0 native plugins for Editor in 0.00 ms.
Unloading 2662 Unused Serialized files (Serialized files now loaded: 0)
System memory in use before: 119.1 MB.
System memory in use after: 119.3 MB.

Unloading 11 unused Assets to reduce memory usage. Loaded Objects now: 3228.
Total: 2.200800 ms (FindLiveObjects: 0.225400 ms CreateObjectMapping: 0.132200 ms MarkObjects: 1.795800 ms  DeleteObjects: 0.046500 ms)

========================================================================
Received Prepare
Registering precompiled user dll's ...
Registered in 0.003143 seconds.
Begin MonoManager ReloadAssembly
Native extension for WindowsStandalone target not found
Native extension for WebGL target not found
Refreshing native plugins compatible for Editor in 0.45 ms, found 1 plugins.
Preloading 0 native plugins for Editor in 0.00 ms.
Mono: successfully reloaded assembly
- Completed reload, in  0.845 seconds
Platform modules already initialized, skipping
Refreshing native plugins compatible for Editor in 0.46 ms, found 1 plugins.
Preloading 0 native plugins for Editor in 0.00 ms.
Unloading 2662 Unused Serialized files (Serialized files now loaded: 0)
System memory in use before: 119.1 MB.
System memory in use after: 119.3 MB.

Unloading 10 unused Assets to reduce memory usage. Loaded Objects now: 3231.
Total: 2.182900 ms (FindLiveObjects: 0.201900 ms CreateObjectMapping: 0.109600 ms MarkObjects: 1.820500 ms  DeleteObjects: 0.049900 ms)

========================================================================
Received Prepare
Registering precompiled user dll's ...
Registered in 0.003081 seconds.
Begin MonoManager ReloadAssembly
Native extension for WindowsStandalone target not found
Native extension for WebGL target not found
Refreshing native plugins compatible for Editor in 0.45 ms, found 1 plugins.
Preloading 0 native plugins for Editor in 0.00 ms.
Mono: successfully reloaded assembly
- Completed reload, in  0.845 seconds
Platform modules already initialized, skipping
Refreshing native plugins compatible for Editor in 0.46 ms, found 1 plugins.
Preloading 0 native plugins for Editor in 0.00 ms.
Unloading 2662 Unused Serialized files (Serialized files now loaded: 0)
System memory in use before: 119.1 MB.
System memory in use after: 119.3 MB.

Unloading 10 unused Assets to reduce memory usage. Loaded Objects now: 3234.
Total: 1.929600 ms (FindLiveObjects: 0.198100 ms CreateObjectMapping: 0.113700 ms MarkObjects: 1.575900 ms  DeleteObjects: 0.040700 ms)

========================================================================
Received Prepare
Registering precompiled user dll's ...
Registered in 0.003253 seconds.
Begin MonoManager ReloadAssembly
Native extension for WindowsStandalone target not found
Native extension for WebGL target not found
Refreshing native plugins compatible for Editor in 0.46 ms, found 1 plugins.
Preloading 0 native plugins for Editor in 0.00 ms.
Mono: successfully reloaded assembly
- Completed reload, in  0.851 seconds
Platform modules already initialized, skipping
Refreshing native plugins compatible for Editor in 0.56 ms, found 1 plugins.
Preloading 0 native plugins for Editor in 0.00 ms.
Unloading 2662 Unused Serialized files (Serialized files now loaded: 0)
System memory in use before: 119.2 MB.
System memory in use after: 119.3 MB.

Unloading 10 unused Assets to reduce memory usage. Loaded Objects now: 3237.
Total: 2.101100 ms (FindLiveObjects: 0.215600 ms CreateObjectMapping: 0.118500 ms MarkObjects: 1.716600 ms  DeleteObjects: 0.049100 ms)

========================================================================
Received Prepare
Registering precompiled user dll's ...
Registered in 0.003350 seconds.
Begin MonoManager ReloadAssembly
Native extension for WindowsStandalone target not found
Native extension for WebGL target not found
Refreshing native plugins compatible for Editor in 0.45 ms, found 1 plugins.
Preloading 0 native plugins for Editor in 0.00 ms.
Mono: successfully reloaded assembly
- Completed reload, in  0.857 seconds
Platform modules already initialized, skipping
Refreshing native plugins compatible for Editor in 0.70 ms, found 1 plugins.
Preloading 0 native plugins for Editor in 0.00 ms.
Unloading 2662 Unused Serialized files (Serialized files now loaded: 0)
System memory in use before: 119.2 MB.
System memory in use after: 119.4 MB.

Unloading 10 unused Assets to reduce memory usage. Loaded Objects now: 3240.
Total: 2.138700 ms (FindLiveObjects: 0.260900 ms CreateObjectMapping: 0.163400 ms MarkObjects: 1.658900 ms  DeleteObjects: 0.054300 ms)

========================================================================
Received Prepare
Registering precompiled user dll's ...
Registered in 0.003213 seconds.
Begin MonoManager ReloadAssembly
Native extension for WindowsStandalone target not found
Native extension for WebGL target not found
Refreshing native plugins compatible for Editor in 0.46 ms, found 1 plugins.
Preloading 0 native plugins for Editor in 0.00 ms.
Mono: successfully reloaded assembly
- Completed reload, in  0.846 seconds
Platform modules already initialized, skipping
Refreshing native plugins compatible for Editor in 0.46 ms, found 1 plugins.
Preloading 0 native plugins for Editor in 0.00 ms.
Unloading 2662 Unused Serialized files (Serialized files now loaded: 0)
System memory in use before: 119.2 MB.
System memory in use after: 119.4 MB.

Unloading 10 unused Assets to reduce memory usage. Loaded Objects now: 3243.
Total: 2.132200 ms (FindLiveObjects: 0.220400 ms CreateObjectMapping: 0.119100 ms MarkObjects: 1.745900 ms  DeleteObjects: 0.045800 ms)

========================================================================
Received Prepare
Registering precompiled user dll's ...
Registered in 0.003265 seconds.
Begin MonoManager ReloadAssembly
Native extension for WindowsStandalone target not found
Native extension for WebGL target not found
Refreshing native plugins compatible for Editor in 0.60 ms, found 1 plugins.
Preloading 0 native plugins for Editor in 0.00 ms.
Mono: successfully reloaded assembly
- Completed reload, in  0.846 seconds
Platform modules already initialized, skipping
Refreshing native plugins compatible for Editor in 0.47 ms, found 1 plugins.
Preloading 0 native plugins for Editor in 0.00 ms.
Unloading 2662 Unused Serialized files (Serialized files now loaded: 0)
System memory in use before: 119.2 MB.
System memory in use after: 119.4 MB.

Unloading 10 unused Assets to reduce memory usage. Loaded Objects now: 3246.
Total: 1.981100 ms (FindLiveObjects: 0.204700 ms CreateObjectMapping: 0.114800 ms MarkObjects: 1.614700 ms  DeleteObjects: 0.046100 ms)

========================================================================
Received Prepare
Registering precompiled user dll's ...
Registered in 0.003240 seconds.
Begin MonoManager ReloadAssembly
Native extension for WindowsStandalone target not found
Native extension for WebGL target not found
Refreshing native plugins compatible for Editor in 0.48 ms, found 1 plugins.
Preloading 0 native plugins for Editor in 0.00 ms.
Mono: successfully reloaded assembly
- Completed reload, in  0.839 seconds
Platform modules already initialized, skipping
Refreshing native plugins compatible for Editor in 0.47 ms, found 1 plugins.
Preloading 0 native plugins for Editor in 0.00 ms.
Unloading 2662 Unused Serialized files (Serialized files now loaded: 0)
System memory in use before: 119.2 MB.
System memory in use after: 119.4 MB.

Unloading 10 unused Assets to reduce memory usage. Loaded Objects now: 3249.
Total: 2.253500 ms (FindLiveObjects: 0.231600 ms CreateObjectMapping: 0.129300 ms MarkObjects: 1.845400 ms  DeleteObjects: 0.046200 ms)

========================================================================
Received Prepare
Registering precompiled user dll's ...
Registered in 0.003283 seconds.
Begin MonoManager ReloadAssembly
Native extension for WindowsStandalone target not found
Native extension for WebGL target not found
Refreshing native plugins compatible for Editor in 0.46 ms, found 1 plugins.
Preloading 0 native plugins for Editor in 0.00 ms.
Mono: successfully reloaded assembly
- Completed reload, in  0.839 seconds
Platform modules already initialized, skipping
Refreshing native plugins compatible for Editor in 0.45 ms, found 1 plugins.
Preloading 0 native plugins for Editor in 0.00 ms.
Unloading 2662 Unused Serialized files (Serialized files now loaded: 0)
System memory in use before: 119.2 MB.
System memory in use after: 119.4 MB.

Unloading 10 unused Assets to reduce memory usage. Loaded Objects now: 3252.
Total: 2.364100 ms (FindLiveObjects: 0.197200 ms CreateObjectMapping: 0.110600 ms MarkObjects: 2.004700 ms  DeleteObjects: 0.050700 ms)

========================================================================
Received Prepare
Registering precompiled user dll's ...
Registered in 0.003224 seconds.
Begin MonoManager ReloadAssembly
Native extension for WindowsStandalone target not found
Native extension for WebGL target not found
Refreshing native plugins compatible for Editor in 0.45 ms, found 1 plugins.
Preloading 0 native plugins for Editor in 0.00 ms.
Mono: successfully reloaded assembly
- Completed reload, in  0.850 seconds
Platform modules already initialized, skipping
Refreshing native plugins compatible for Editor in 0.45 ms, found 1 plugins.
Preloading 0 native plugins for Editor in 0.00 ms.
Unloading 2662 Unused Serialized files (Serialized files now loaded: 0)
System memory in use before: 119.2 MB.
System memory in use after: 119.4 MB.

Unloading 10 unused Assets to reduce memory usage. Loaded Objects now: 3255.
Total: 2.126700 ms (FindLiveObjects: 0.190600 ms CreateObjectMapping: 0.105700 ms MarkObjects: 1.783300 ms  DeleteObjects: 0.046300 ms)

========================================================================
Received Prepare
Registering precompiled user dll's ...
Registered in 0.003243 seconds.
Begin MonoManager ReloadAssembly
Native extension for WindowsStandalone target not found
Native extension for WebGL target not found
Refreshing native plugins compatible for Editor in 0.44 ms, found 1 plugins.
Preloading 0 native plugins for Editor in 0.00 ms.
Mono: successfully reloaded assembly
- Completed reload, in  0.850 seconds
Platform modules already initialized, skipping
Refreshing native plugins compatible for Editor in 0.45 ms, found 1 plugins.
Preloading 0 native plugins for Editor in 0.00 ms.
Unloading 2662 Unused Serialized files (Serialized files now loaded: 0)
System memory in use before: 119.2 MB.
System memory in use after: 119.4 MB.

Unloading 10 unused Assets to reduce memory usage. Loaded Objects now: 3258.
Total: 1.887400 ms (FindLiveObjects: 0.201700 ms CreateObjectMapping: 0.119600 ms MarkObjects: 1.523100 ms  DeleteObjects: 0.041700 ms)

========================================================================
Received Prepare
Registering precompiled user dll's ...
Registered in 0.003177 seconds.
Begin MonoManager ReloadAssembly
Native extension for WindowsStandalone target not found
Native extension for WebGL target not found
Refreshing native plugins compatible for Editor in 0.58 ms, found 1 plugins.
Preloading 0 native plugins for Editor in 0.00 ms.
Mono: successfully reloaded assembly
- Completed reload, in  0.834 seconds
Platform modules already initialized, skipping
Refreshing native plugins compatible for Editor in 0.46 ms, found 1 plugins.
Preloading 0 native plugins for Editor in 0.00 ms.
Unloading 2662 Unused Serialized files (Serialized files now loaded: 0)
System memory in use before: 119.2 MB.
System memory in use after: 119.4 MB.

Unloading 10 unused Assets to reduce memory usage. Loaded Objects now: 3261.
Total: 2.169000 ms (FindLiveObjects: 0.206800 ms CreateObjectMapping: 0.161700 ms MarkObjects: 1.756100 ms  DeleteObjects: 0.043200 ms)

========================================================================
Received Import Request.
  Time since last request: 1272.269411 seconds.
  path: Assets/Materials/Face 1.mat
  artifactKey: Guid(ea092c1aeb6bf5143aec16a67a51d9a5) Importer(815301076,1909f56bfc062723c751e8b465ee728b)
Start importing Assets/Materials/Face 1.mat using Guid(ea092c1aeb6bf5143aec16a67a51d9a5) Importer(815301076,1909f56bfc062723c751e8b465ee728b)  -> (artifact id: '722c85df523c30b3d810fe033eed9bac') in 0.091305 seconds 
========================================================================
Received Prepare
Registering precompiled user dll's ...
Registered in 0.003855 seconds.
Begin MonoManager ReloadAssembly
Native extension for WindowsStandalone target not found
Native extension for WebGL target not found
Refreshing native plugins compatible for Editor in 0.51 ms, found 1 plugins.
Preloading 0 native plugins for Editor in 0.00 ms.
Mono: successfully reloaded assembly
- Completed reload, in  1.016 seconds
Platform modules already initialized, skipping
Refreshing native plugins compatible for Editor in 0.66 ms, found 1 plugins.
Preloading 0 native plugins for Editor in 0.00 ms.
Unloading 2662 Unused Serialized files (Serialized files now loaded: 0)
System memory in use before: 119.2 MB.
System memory in use after: 119.4 MB.

Unloading 10 unused Assets to reduce memory usage. Loaded Objects now: 3265.
Total: 2.857200 ms (FindLiveObjects: 0.244800 ms CreateObjectMapping: 0.152400 ms MarkObjects: 2.402000 ms  DeleteObjects: 0.056800 ms)

========================================================================
Received Prepare
Registering precompiled user dll's ...
Registered in 0.003082 seconds.
Begin MonoManager ReloadAssembly
Native extension for WindowsStandalone target not found
Native extension for WebGL target not found
Refreshing native plugins compatible for Editor in 0.73 ms, found 1 plugins.
Preloading 0 native plugins for Editor in 0.00 ms.
Mono: successfully reloaded assembly
- Completed reload, in  0.858 seconds
Platform modules already initialized, skipping
Refreshing native plugins compatible for Editor in 0.47 ms, found 1 plugins.
Preloading 0 native plugins for Editor in 0.00 ms.
Unloading 2662 Unused Serialized files (Serialized files now loaded: 0)
System memory in use before: 119.2 MB.
System memory in use after: 119.4 MB.

Unloading 10 unused Assets to reduce memory usage. Loaded Objects now: 3268.
Total: 1.946200 ms (FindLiveObjects: 0.201800 ms CreateObjectMapping: 0.109900 ms MarkObjects: 1.587500 ms  DeleteObjects: 0.046400 ms)

========================================================================
Received Prepare
Registering precompiled user dll's ...
Registered in 0.003108 seconds.
Begin MonoManager ReloadAssembly
Native extension for WindowsStandalone target not found
Native extension for WebGL target not found
Refreshing native plugins compatible for Editor in 0.45 ms, found 1 plugins.
Preloading 0 native plugins for Editor in 0.00 ms.
Mono: successfully reloaded assembly
- Completed reload, in  0.852 seconds
Platform modules already initialized, skipping
Refreshing native plugins compatible for Editor in 0.45 ms, found 1 plugins.
Preloading 0 native plugins for Editor in 0.00 ms.
Unloading 2662 Unused Serialized files (Serialized files now loaded: 0)
System memory in use before: 119.2 MB.
System memory in use after: 119.4 MB.

Unloading 10 unused Assets to reduce memory usage. Loaded Objects now: 3271.
Total: 2.125900 ms (FindLiveObjects: 0.234500 ms CreateObjectMapping: 0.126000 ms MarkObjects: 1.717200 ms  DeleteObjects: 0.047300 ms)

========================================================================
Received Prepare
Registering precompiled user dll's ...
Registered in 0.003939 seconds.
Begin MonoManager ReloadAssembly
Native extension for WindowsStandalone target not found
Native extension for WebGL target not found
Refreshing native plugins compatible for Editor in 0.50 ms, found 1 plugins.
Preloading 0 native plugins for Editor in 0.00 ms.
Mono: successfully reloaded assembly
- Completed reload, in  0.885 seconds
Platform modules already initialized, skipping
Refreshing native plugins compatible for Editor in 0.48 ms, found 1 plugins.
Preloading 0 native plugins for Editor in 0.00 ms.
Unloading 2662 Unused Serialized files (Serialized files now loaded: 0)
System memory in use before: 119.2 MB.
System memory in use after: 119.4 MB.

Unloading 10 unused Assets to reduce memory usage. Loaded Objects now: 3274.
Total: 1.973800 ms (FindLiveObjects: 0.221300 ms CreateObjectMapping: 0.129200 ms MarkObjects: 1.578600 ms  DeleteObjects: 0.043800 ms)

========================================================================
Received Import Request.
  Time since last request: 2461.405891 seconds.
  path: Assets/PlayerAssets/Hair
  artifactKey: Guid(a85e609a3c4bb804ab630d1a31219239) Importer(815301076,1909f56bfc062723c751e8b465ee728b)
Start importing Assets/PlayerAssets/Hair using Guid(a85e609a3c4bb804ab630d1a31219239) Importer(815301076,1909f56bfc062723c751e8b465ee728b)  -> (artifact id: 'be3b8c928395e09fdf866903f7d17f96') in 0.010963 seconds 
========================================================================
Received Import Request.
  Time since last request: 9.543221 seconds.
  path: Assets/PlayerAssets/Glasses
  artifactKey: Guid(4e5df5b813dc8c34abbf8a63720d01ba) Importer(815301076,1909f56bfc062723c751e8b465ee728b)
Start importing Assets/PlayerAssets/Glasses using Guid(4e5df5b813dc8c34abbf8a63720d01ba) Importer(815301076,1909f56bfc062723c751e8b465ee728b)  -> (artifact id: '49a383f932c98027b2aa357491ee031a') in 0.005854 seconds 
========================================================================
Received Import Request.
  Time since last request: 15.756972 seconds.
  path: Assets/PlayerAssets/Beard
  artifactKey: Guid(e4197c802ed65964ba2fa6c215d0fda5) Importer(815301076,1909f56bfc062723c751e8b465ee728b)
Start importing Assets/PlayerAssets/Beard using Guid(e4197c802ed65964ba2fa6c215d0fda5) Importer(815301076,1909f56bfc062723c751e8b465ee728b)  -> (artifact id: 'b0df7a5916ccf2f21141cf9bf8b96e88') in 0.006486 seconds 
========================================================================
Received Import Request.
  Time since last request: 30.076837 seconds.
  path: Assets/PlayerAssets/SkinTones
  artifactKey: Guid(3e96c63bd6de8ec41bc3da510a8af2b8) Importer(815301076,1909f56bfc062723c751e8b465ee728b)
Start importing Assets/PlayerAssets/SkinTones using Guid(3e96c63bd6de8ec41bc3da510a8af2b8) Importer(815301076,1909f56bfc062723c751e8b465ee728b)  -> (artifact id: 'ef773b9a8fa7f6c9bc2e2bd3b3b5076e') in 0.006082 seconds 
========================================================================
Received Import Request.
  Time since last request: 9.577370 seconds.
  path: Assets/PlayerAssets/SkinTones/Ivory.mat
  artifactKey: Guid(4680d694da49969499832d6094ab61ce) Importer(815301076,1909f56bfc062723c751e8b465ee728b)
Start importing Assets/PlayerAssets/SkinTones/Ivory.mat using Guid(4680d694da49969499832d6094ab61ce) Importer(815301076,1909f56bfc062723c751e8b465ee728b)  -> (artifact id: 'da7fc7b2f5ff53e2bb34b083e4586e47') in 0.059174 seconds 
========================================================================
Received Import Request.
  Time since last request: 19.796652 seconds.
  path: Assets/PlayerAssets/SkinTones/Porcelan.mat
  artifactKey: Guid(f524fde22dbc81549831235fece57fb8) Importer(815301076,1909f56bfc062723c751e8b465ee728b)
Start importing Assets/PlayerAssets/SkinTones/Porcelan.mat using Guid(f524fde22dbc81549831235fece57fb8) Importer(815301076,1909f56bfc062723c751e8b465ee728b)  -> (artifact id: '6d21b08fd6937dcf58f2e5c8eac7928a') in 0.025111 seconds 
========================================================================
Received Import Request.
  Time since last request: 9.586354 seconds.
  path: Assets/PlayerAssets/SkinTones/Pale Ivory.mat
  artifactKey: Guid(cd87847aa1bbedc43b15812234c6740b) Importer(815301076,1909f56bfc062723c751e8b465ee728b)
Start importing Assets/PlayerAssets/SkinTones/Pale Ivory.mat using Guid(cd87847aa1bbedc43b15812234c6740b) Importer(815301076,1909f56bfc062723c751e8b465ee728b)  -> (artifact id: '229fa45976a4938287cb0f9750756dd9') in 0.022092 seconds 
========================================================================
Received Import Request.
  Time since last request: 29.389549 seconds.
  path: Assets/PlayerAssets/SkinTones/Warm Ivory.mat
  artifactKey: Guid(2d0e41eb5966d9746bbb28fbf0fc380f) Importer(815301076,1909f56bfc062723c751e8b465ee728b)
Start importing Assets/PlayerAssets/SkinTones/Warm Ivory.mat using Guid(2d0e41eb5966d9746bbb28fbf0fc380f) Importer(815301076,1909f56bfc062723c751e8b465ee728b)  -> (artifact id: 'dc608b977e3beab6aef55d789778d507') in 0.019630 seconds 
========================================================================
Received Import Request.
  Time since last request: 11.261311 seconds.
  path: Assets/PlayerAssets/SkinTones/Sand.mat
  artifactKey: Guid(ae8a1ffc2ca7f79428bda67c7f645e25) Importer(815301076,1909f56bfc062723c751e8b465ee728b)
Start importing Assets/PlayerAssets/SkinTones/Sand.mat using Guid(ae8a1ffc2ca7f79428bda67c7f645e25) Importer(815301076,1909f56bfc062723c751e8b465ee728b)  -> (artifact id: '34d6b4c9d1522f3d1bedf1820e9acaf7') in 0.019757 seconds 
========================================================================
Received Import Request.
  Time since last request: 12.121298 seconds.
  path: Assets/PlayerAssets/SkinTones/Rose Beige.mat
  artifactKey: Guid(a863325c4cc8d3240a84df1b631634a5) Importer(815301076,1909f56bfc062723c751e8b465ee728b)
Start importing Assets/PlayerAssets/SkinTones/Rose Beige.mat using Guid(a863325c4cc8d3240a84df1b631634a5) Importer(815301076,1909f56bfc062723c751e8b465ee728b)  -> (artifact id: '1ddd8071c0dc4db9a753f00068ed7205') in 0.038446 seconds 
========================================================================
Received Import Request.
  Time since last request: 11.241892 seconds.
  path: Assets/PlayerAssets/SkinTones/Limestone.mat
  artifactKey: Guid(4c99c176929b8af4494c587110966e85) Importer(815301076,1909f56bfc062723c751e8b465ee728b)
Start importing Assets/PlayerAssets/SkinTones/Limestone.mat using Guid(4c99c176929b8af4494c587110966e85) Importer(815301076,1909f56bfc062723c751e8b465ee728b)  -> (artifact id: 'e4fffeb6008730455616ef5f7871229b') in 0.011869 seconds 
========================================================================
Received Import Request.
  Time since last request: 16.545939 seconds.
  path: Assets/PlayerAssets/SkinTones/Beige.mat
  artifactKey: Guid(b7c4f5035706b134491530964febb6b3) Importer(815301076,1909f56bfc062723c751e8b465ee728b)
Start importing Assets/PlayerAssets/SkinTones/Beige.mat using Guid(b7c4f5035706b134491530964febb6b3) Importer(815301076,1909f56bfc062723c751e8b465ee728b)  -> (artifact id: 'adc9aa763be9b445f9fc28d1f639778f') in 0.015155 seconds 
========================================================================
Received Import Request.
  Time since last request: 9.593830 seconds.
  path: Assets/PlayerAssets/SkinTones/Senna.mat
  artifactKey: Guid(e43353494fae1834ba44bca5b394916e) Importer(815301076,1909f56bfc062723c751e8b465ee728b)
Start importing Assets/PlayerAssets/SkinTones/Senna.mat using Guid(e43353494fae1834ba44bca5b394916e) Importer(815301076,1909f56bfc062723c751e8b465ee728b)  -> (artifact id: 'e0841fc0da22eebe983ddbf190900dd6') in 0.011896 seconds 
========================================================================
Received Import Request.
  Time since last request: 8.737661 seconds.
  path: Assets/PlayerAssets/SkinTones/Honey.mat
  artifactKey: Guid(273b383fa939aa24b912b10997bdfaa7) Importer(815301076,1909f56bfc062723c751e8b465ee728b)
Start importing Assets/PlayerAssets/SkinTones/Honey.mat using Guid(273b383fa939aa24b912b10997bdfaa7) Importer(815301076,1909f56bfc062723c751e8b465ee728b)  -> (artifact id: 'c3d4b0c2d757ef323c93de2fa06ddec6') in 0.027026 seconds 
========================================================================
Received Import Request.
  Time since last request: 10.648025 seconds.
  path: Assets/PlayerAssets/SkinTones/Band.mat
  artifactKey: Guid(6eceac4b709e5b14485343e4642c745e) Importer(815301076,1909f56bfc062723c751e8b465ee728b)
Start importing Assets/PlayerAssets/SkinTones/Band.mat using Guid(6eceac4b709e5b14485343e4642c745e) Importer(815301076,1909f56bfc062723c751e8b465ee728b)  -> (artifact id: '621d4dc63658fbaf82e08a61811e0098') in 0.017374 seconds 
========================================================================
Received Import Request.
  Time since last request: 14.092127 seconds.
  path: Assets/PlayerAssets/SkinTones/Almond.mat
  artifactKey: Guid(84aecddf35be3324d917224e7f74f032) Importer(815301076,1909f56bfc062723c751e8b465ee728b)
Start importing Assets/PlayerAssets/SkinTones/Almond.mat using Guid(84aecddf35be3324d917224e7f74f032) Importer(815301076,1909f56bfc062723c751e8b465ee728b)  -> (artifact id: '567ebc7b422fb1a365c11bc1b7fdce84') in 0.016378 seconds 
========================================================================
Received Import Request.
  Time since last request: 11.025820 seconds.
  path: Assets/PlayerAssets/SkinTones/Chestnut.mat
  artifactKey: Guid(dd49c9c3340241e41bfbefa97b8fe869) Importer(815301076,1909f56bfc062723c751e8b465ee728b)
Start importing Assets/PlayerAssets/SkinTones/Chestnut.mat using Guid(dd49c9c3340241e41bfbefa97b8fe869) Importer(815301076,1909f56bfc062723c751e8b465ee728b)  -> (artifact id: '7909485d518d2616fb61c939ebbff7bd') in 0.027078 seconds 
========================================================================
Received Import Request.
  Time since last request: 21.486341 seconds.
  path: Assets/PlayerAssets/SkinTones/Bronze.mat
  artifactKey: Guid(5426dcc3eddc0434aa5d46ff90fb3962) Importer(815301076,1909f56bfc062723c751e8b465ee728b)
Start importing Assets/PlayerAssets/SkinTones/Bronze.mat using Guid(5426dcc3eddc0434aa5d46ff90fb3962) Importer(815301076,1909f56bfc062723c751e8b465ee728b)  -> (artifact id: '7ec0dc33b4c1ddcf9665f1823bc92c52') in 0.021511 seconds 
========================================================================
Received Import Request.
  Time since last request: 8.505902 seconds.
  path: Assets/PlayerAssets/SkinTones/Umber.mat
  artifactKey: Guid(0af8547fe5971c84ba755c43899ded4f) Importer(815301076,1909f56bfc062723c751e8b465ee728b)
Start importing Assets/PlayerAssets/SkinTones/Umber.mat using Guid(0af8547fe5971c84ba755c43899ded4f) Importer(815301076,1909f56bfc062723c751e8b465ee728b)  -> (artifact id: '8f9187dd27968c97f44de85d99975943') in 0.013636 seconds 
========================================================================
Received Import Request.
  Time since last request: 12.115455 seconds.
  path: Assets/PlayerAssets/SkinTones/Golden.mat
  artifactKey: Guid(17bdc742b55e3a847af069ce8b59d227) Importer(815301076,1909f56bfc062723c751e8b465ee728b)
Start importing Assets/PlayerAssets/SkinTones/Golden.mat using Guid(17bdc742b55e3a847af069ce8b59d227) Importer(815301076,1909f56bfc062723c751e8b465ee728b)  -> (artifact id: 'de198e5d0ac0989980a2f880ae814fe4') in 0.019287 seconds 
========================================================================
Received Import Request.
  Time since last request: 12.909460 seconds.
  path: Assets/PlayerAssets/SkinTones/Espresso.mat
  artifactKey: Guid(75b0654fcff866048b87684c076cb8ac) Importer(815301076,1909f56bfc062723c751e8b465ee728b)
Start importing Assets/PlayerAssets/SkinTones/Espresso.mat using Guid(75b0654fcff866048b87684c076cb8ac) Importer(815301076,1909f56bfc062723c751e8b465ee728b)  -> (artifact id: 'dc1e23aebe623b32b9c1ae013e4691c8') in 0.019232 seconds 
========================================================================
Received Import Request.
  Time since last request: 8.851175 seconds.
  path: Assets/PlayerAssets/SkinTones/Dark.mat
  artifactKey: Guid(c875ff5b4a9b23f46b9030e59cba6102) Importer(815301076,1909f56bfc062723c751e8b465ee728b)
Start importing Assets/PlayerAssets/SkinTones/Dark.mat using Guid(c875ff5b4a9b23f46b9030e59cba6102) Importer(815301076,1909f56bfc062723c751e8b465ee728b)  -> (artifact id: '2f8de129e66b1c5e4b60366dcf5adee2') in 0.016738 seconds 
========================================================================
Received Import Request.
  Time since last request: 5.742475 seconds.
  path: Assets/PlayerAssets/SkinTones/Almond.mat
  artifactKey: Guid(84aecddf35be3324d917224e7f74f032) Importer(815301076,1909f56bfc062723c751e8b465ee728b)
Start importing Assets/PlayerAssets/SkinTones/Almond.mat using Guid(84aecddf35be3324d917224e7f74f032) Importer(815301076,1909f56bfc062723c751e8b465ee728b)  -> (artifact id: 'e7b9bab8613df59d58aeadf61ae32615') in 0.013957 seconds 
========================================================================
Received Import Request.
  Time since last request: 0.000174 seconds.
  path: Assets/PlayerAssets/SkinTones/Senna.mat
  artifactKey: Guid(e43353494fae1834ba44bca5b394916e) Importer(815301076,1909f56bfc062723c751e8b465ee728b)
Start importing Assets/PlayerAssets/SkinTones/Senna.mat using Guid(e43353494fae1834ba44bca5b394916e) Importer(815301076,1909f56bfc062723c751e8b465ee728b)  -> (artifact id: '368000e88ec3a35852f2d9da6245407d') in 0.019833 seconds 
========================================================================
Received Import Request.
  Time since last request: 0.000176 seconds.
  path: Assets/PlayerAssets/SkinTones/Rose Beige.mat
  artifactKey: Guid(a863325c4cc8d3240a84df1b631634a5) Importer(815301076,1909f56bfc062723c751e8b465ee728b)
Start importing Assets/PlayerAssets/SkinTones/Rose Beige.mat using Guid(a863325c4cc8d3240a84df1b631634a5) Importer(815301076,1909f56bfc062723c751e8b465ee728b)  -> (artifact id: 'd60868ff4eb761a31322529fad3acea9') in 0.022082 seconds 
========================================================================
Received Import Request.
  Time since last request: 0.000170 seconds.
  path: Assets/PlayerAssets/SkinTones/Bronze.mat
  artifactKey: Guid(5426dcc3eddc0434aa5d46ff90fb3962) Importer(815301076,1909f56bfc062723c751e8b465ee728b)
Start importing Assets/PlayerAssets/SkinTones/Bronze.mat using Guid(5426dcc3eddc0434aa5d46ff90fb3962) Importer(815301076,1909f56bfc062723c751e8b465ee728b)  -> (artifact id: '9a190b3fca8033947e58b55e6d845c09') in 0.012895 seconds 
========================================================================
Received Import Request.
  Time since last request: 0.000205 seconds.
  path: Assets/PlayerAssets/SkinTones/Umber.mat
  artifactKey: Guid(0af8547fe5971c84ba755c43899ded4f) Importer(815301076,1909f56bfc062723c751e8b465ee728b)
Start importing Assets/PlayerAssets/SkinTones/Umber.mat using Guid(0af8547fe5971c84ba755c43899ded4f) Importer(815301076,1909f56bfc062723c751e8b465ee728b)  -> (artifact id: 'e6c109aa32965eaf78b107eca3c2786c') in 0.015152 seconds 
========================================================================
Received Import Request.
  Time since last request: 0.000187 seconds.
  path: Assets/PlayerAssets/SkinTones/Ivory.mat
  artifactKey: Guid(4680d694da49969499832d6094ab61ce) Importer(815301076,1909f56bfc062723c751e8b465ee728b)
Start importing Assets/PlayerAssets/SkinTones/Ivory.mat using Guid(4680d694da49969499832d6094ab61ce) Importer(815301076,1909f56bfc062723c751e8b465ee728b)  -> (artifact id: 'ed427a01f22fdde3c0cd63089d03f809') in 0.011566 seconds 
========================================================================
Received Import Request.
  Time since last request: 0.000246 seconds.
  path: Assets/PlayerAssets/SkinTones/Chestnut.mat
  artifactKey: Guid(dd49c9c3340241e41bfbefa97b8fe869) Importer(815301076,1909f56bfc062723c751e8b465ee728b)
Start importing Assets/PlayerAssets/SkinTones/Chestnut.mat using Guid(dd49c9c3340241e41bfbefa97b8fe869) Importer(815301076,1909f56bfc062723c751e8b465ee728b)  -> (artifact id: 'fe066c25c568fe980671e08070b84397') in 0.012536 seconds 
========================================================================
Received Import Request.
  Time since last request: 0.000143 seconds.
  path: Assets/PlayerAssets/SkinTones/Warm Ivory.mat
  artifactKey: Guid(2d0e41eb5966d9746bbb28fbf0fc380f) Importer(815301076,1909f56bfc062723c751e8b465ee728b)
Start importing Assets/PlayerAssets/SkinTones/Warm Ivory.mat using Guid(2d0e41eb5966d9746bbb28fbf0fc380f) Importer(815301076,1909f56bfc062723c751e8b465ee728b)  -> (artifact id: 'df0fe36c1f11bf3234f6e1c1c3f083a2') in 0.013584 seconds 
========================================================================
Received Import Request.
  Time since last request: 0.000178 seconds.
  path: Assets/PlayerAssets/SkinTones/Porcelan.mat
  artifactKey: Guid(f524fde22dbc81549831235fece57fb8) Importer(815301076,1909f56bfc062723c751e8b465ee728b)
Start importing Assets/PlayerAssets/SkinTones/Porcelan.mat using Guid(f524fde22dbc81549831235fece57fb8) Importer(815301076,1909f56bfc062723c751e8b465ee728b)  -> (artifact id: '483bff6d43f408bdfd6959b13b806b9a') in 0.012094 seconds 
========================================================================
Received Import Request.
  Time since last request: 0.000160 seconds.
  path: Assets/PlayerAssets/SkinTones/Beige.mat
  artifactKey: Guid(b7c4f5035706b134491530964febb6b3) Importer(815301076,1909f56bfc062723c751e8b465ee728b)
Start importing Assets/PlayerAssets/SkinTones/Beige.mat using Guid(b7c4f5035706b134491530964febb6b3) Importer(815301076,1909f56bfc062723c751e8b465ee728b)  -> (artifact id: '11fc90f6854de0d1583037d499aea637') in 0.013459 seconds 
========================================================================
Received Import Request.
  Time since last request: 0.000159 seconds.
  path: Assets/PlayerAssets/SkinTones/Limestone.mat
  artifactKey: Guid(4c99c176929b8af4494c587110966e85) Importer(815301076,1909f56bfc062723c751e8b465ee728b)
Start importing Assets/PlayerAssets/SkinTones/Limestone.mat using Guid(4c99c176929b8af4494c587110966e85) Importer(815301076,1909f56bfc062723c751e8b465ee728b)  -> (artifact id: 'b1eda2ad1d99d3f7cbfc09d92c9929cf') in 0.010802 seconds 
========================================================================
Received Import Request.
  Time since last request: 0.000152 seconds.
  path: Assets/PlayerAssets/SkinTones/Sand.mat
  artifactKey: Guid(ae8a1ffc2ca7f79428bda67c7f645e25) Importer(815301076,1909f56bfc062723c751e8b465ee728b)
Start importing Assets/PlayerAssets/SkinTones/Sand.mat using Guid(ae8a1ffc2ca7f79428bda67c7f645e25) Importer(815301076,1909f56bfc062723c751e8b465ee728b)  -> (artifact id: '68bf8c3ceebdb9924fd300e436b9d43f') in 0.012780 seconds 
========================================================================
Received Import Request.
  Time since last request: 0.000166 seconds.
  path: Assets/PlayerAssets/SkinTones/Band.mat
  artifactKey: Guid(6eceac4b709e5b14485343e4642c745e) Importer(815301076,1909f56bfc062723c751e8b465ee728b)
Start importing Assets/PlayerAssets/SkinTones/Band.mat using Guid(6eceac4b709e5b14485343e4642c745e) Importer(815301076,1909f56bfc062723c751e8b465ee728b)  -> (artifact id: 'a4e040b2bf8342f2f387585bcad500d5') in 0.010700 seconds 
========================================================================
Received Import Request.
  Time since last request: 0.000127 seconds.
  path: Assets/PlayerAssets/SkinTones/Dark.mat
  artifactKey: Guid(c875ff5b4a9b23f46b9030e59cba6102) Importer(815301076,1909f56bfc062723c751e8b465ee728b)
Start importing Assets/PlayerAssets/SkinTones/Dark.mat using Guid(c875ff5b4a9b23f46b9030e59cba6102) Importer(815301076,1909f56bfc062723c751e8b465ee728b)  -> (artifact id: '3a9c202816402371f67bd79ac19d9c71') in 0.010089 seconds 
========================================================================
Received Import Request.
  Time since last request: 0.000166 seconds.
  path: Assets/PlayerAssets/SkinTones/Golden.mat
  artifactKey: Guid(17bdc742b55e3a847af069ce8b59d227) Importer(815301076,1909f56bfc062723c751e8b465ee728b)
Start importing Assets/PlayerAssets/SkinTones/Golden.mat using Guid(17bdc742b55e3a847af069ce8b59d227) Importer(815301076,1909f56bfc062723c751e8b465ee728b)  -> (artifact id: '2228f836a6a964a0a87ed7916440b0f7') in 0.012862 seconds 
========================================================================
Received Import Request.
  Time since last request: 0.000175 seconds.
  path: Assets/PlayerAssets/SkinTones/Pale Ivory.mat
  artifactKey: Guid(cd87847aa1bbedc43b15812234c6740b) Importer(815301076,1909f56bfc062723c751e8b465ee728b)
Start importing Assets/PlayerAssets/SkinTones/Pale Ivory.mat using Guid(cd87847aa1bbedc43b15812234c6740b) Importer(815301076,1909f56bfc062723c751e8b465ee728b)  -> (artifact id: '3dca647b50cf63596035c493a757094c') in 0.015561 seconds 
========================================================================
Received Import Request.
  Time since last request: 0.000122 seconds.
  path: Assets/PlayerAssets/SkinTones/Espresso.mat
  artifactKey: Guid(75b0654fcff866048b87684c076cb8ac) Importer(815301076,1909f56bfc062723c751e8b465ee728b)
Start importing Assets/PlayerAssets/SkinTones/Espresso.mat using Guid(75b0654fcff866048b87684c076cb8ac) Importer(815301076,1909f56bfc062723c751e8b465ee728b)  -> (artifact id: '70fa80fdc90fb3ee2195d741b75902cb') in 0.011172 seconds 
========================================================================
Received Import Request.
  Time since last request: 0.000155 seconds.
  path: Assets/PlayerAssets/SkinTones/Honey.mat
  artifactKey: Guid(273b383fa939aa24b912b10997bdfaa7) Importer(815301076,1909f56bfc062723c751e8b465ee728b)
Start importing Assets/PlayerAssets/SkinTones/Honey.mat using Guid(273b383fa939aa24b912b10997bdfaa7) Importer(815301076,1909f56bfc062723c751e8b465ee728b)  -> (artifact id: '8a379b3d9157a801ad228de913c35780') in 0.011647 seconds 
========================================================================
Received Import Request.
  Time since last request: 161.892673 seconds.
  path: Assets/Scripts
  artifactKey: Guid(5f66a6bcf8944d54ebdb14fd3b608dd3) Importer(815301076,1909f56bfc062723c751e8b465ee728b)
Start importing Assets/Scripts using Guid(5f66a6bcf8944d54ebdb14fd3b608dd3) Importer(815301076,1909f56bfc062723c751e8b465ee728b)  -> (artifact id: '845f9b657aaa25605c65698666f4c1d4') in 0.005927 seconds 
========================================================================
Received Import Request.
  Time since last request: 1.486043 seconds.
  path: Assets/AvatarAssetManager.cs
  artifactKey: Guid(267b7b940d4ca4f49876880d05d08b92) Importer(815301076,1909f56bfc062723c751e8b465ee728b)
Start importing Assets/AvatarAssetManager.cs using Guid(267b7b940d4ca4f49876880d05d08b92) Importer(815301076,1909f56bfc062723c751e8b465ee728b)  -> (artifact id: 'f4f129caa8f16052b2f108a7cedf9031') in 0.005477 seconds 
========================================================================
Received Prepare
Registering precompiled user dll's ...
Registered in 0.003196 seconds.
Begin MonoManager ReloadAssembly
Native extension for WindowsStandalone target not found
Native extension for WebGL target not found
Refreshing native plugins compatible for Editor in 0.47 ms, found 1 plugins.
Preloading 0 native plugins for Editor in 0.00 ms.
Mono: successfully reloaded assembly
- Completed reload, in  0.865 seconds
Platform modules already initialized, skipping
Refreshing native plugins compatible for Editor in 1.23 ms, found 1 plugins.
Preloading 0 native plugins for Editor in 0.00 ms.
Unloading 2662 Unused Serialized files (Serialized files now loaded: 0)
System memory in use before: 119.3 MB.
System memory in use after: 119.5 MB.

Unloading 10 unused Assets to reduce memory usage. Loaded Objects now: 3278.
Total: 3.045700 ms (FindLiveObjects: 0.238900 ms CreateObjectMapping: 0.139600 ms MarkObjects: 2.611100 ms  DeleteObjects: 0.054900 ms)

========================================================================
Received Import Request.
  Time since last request: 14.897191 seconds.
  path: Assets/Scripts/OnSelectMenu.cs
  artifactKey: Guid(628358d8c348b1e458f22045fbad86e1) Importer(815301076,1909f56bfc062723c751e8b465ee728b)
Start importing Assets/Scripts/OnSelectMenu.cs using Guid(628358d8c348b1e458f22045fbad86e1) Importer(815301076,1909f56bfc062723c751e8b465ee728b)  -> (artifact id: '7cb57f958367f45c1db9b849ca99f6e2') in 0.012772 seconds 
========================================================================
Received Import Request.
  Time since last request: 18.722016 seconds.
  path: Assets/Scripts/SkinToneChange.cs
  artifactKey: Guid(b8b34749a5ca6f346b9925963783a43d) Importer(815301076,1909f56bfc062723c751e8b465ee728b)
Start importing Assets/Scripts/SkinToneChange.cs using Guid(b8b34749a5ca6f346b9925963783a43d) Importer(815301076,1909f56bfc062723c751e8b465ee728b)  -> (artifact id: 'cec2c3e331270a69cb97d9de9b7067ff') in 0.006606 seconds 
========================================================================
Received Prepare
Registering precompiled user dll's ...
Registered in 0.003134 seconds.
Begin MonoManager ReloadAssembly
Native extension for WindowsStandalone target not found
Native extension for WebGL target not found
Refreshing native plugins compatible for Editor in 0.47 ms, found 1 plugins.
Preloading 0 native plugins for Editor in 0.00 ms.
Mono: successfully reloaded assembly
- Completed reload, in  0.863 seconds
Platform modules already initialized, skipping
Refreshing native plugins compatible for Editor in 0.47 ms, found 1 plugins.
Preloading 0 native plugins for Editor in 0.00 ms.
Unloading 2663 Unused Serialized files (Serialized files now loaded: 0)
System memory in use before: 119.3 MB.
System memory in use after: 119.5 MB.

Unloading 10 unused Assets to reduce memory usage. Loaded Objects now: 3282.
Total: 2.163200 ms (FindLiveObjects: 0.206200 ms CreateObjectMapping: 0.120100 ms MarkObjects: 1.783400 ms  DeleteObjects: 0.052500 ms)

========================================================================
Received Prepare
Registering precompiled user dll's ...
Registered in 0.003126 seconds.
Begin MonoManager ReloadAssembly
Native extension for WindowsStandalone target not found
Native extension for WebGL target not found
Refreshing native plugins compatible for Editor in 0.49 ms, found 1 plugins.
Preloading 0 native plugins for Editor in 0.00 ms.
Mono: successfully reloaded assembly
- Completed reload, in  0.860 seconds
Platform modules already initialized, skipping
Refreshing native plugins compatible for Editor in 0.49 ms, found 1 plugins.
Preloading 0 native plugins for Editor in 0.00 ms.
Unloading 2663 Unused Serialized files (Serialized files now loaded: 0)
System memory in use before: 119.3 MB.
System memory in use after: 119.5 MB.

Unloading 10 unused Assets to reduce memory usage. Loaded Objects now: 3285.
Total: 2.736700 ms (FindLiveObjects: 0.238000 ms CreateObjectMapping: 0.154000 ms MarkObjects: 2.296100 ms  DeleteObjects: 0.047600 ms)

========================================================================
Received Import Request.
  Time since last request: 261.603874 seconds.
  path: Assets/Scripts/SkinToneChange.cs
  artifactKey: Guid(b8b34749a5ca6f346b9925963783a43d) Importer(815301076,1909f56bfc062723c751e8b465ee728b)
Start importing Assets/Scripts/SkinToneChange.cs using Guid(b8b34749a5ca6f346b9925963783a43d) Importer(815301076,1909f56bfc062723c751e8b465ee728b)  -> (artifact id: '5d90b8a1970987418780301e8702e206') in 0.007057 seconds 
========================================================================
Received Prepare
Registering precompiled user dll's ...
Registered in 0.003394 seconds.
Begin MonoManager ReloadAssembly
Native extension for WindowsStandalone target not found
Native extension for WebGL target not found
Refreshing native plugins compatible for Editor in 0.46 ms, found 1 plugins.
Preloading 0 native plugins for Editor in 0.00 ms.
Mono: successfully reloaded assembly
- Completed reload, in  0.869 seconds
Platform modules already initialized, skipping
Refreshing native plugins compatible for Editor in 0.45 ms, found 1 plugins.
Preloading 0 native plugins for Editor in 0.00 ms.
Unloading 2663 Unused Serialized files (Serialized files now loaded: 0)
System memory in use before: 119.3 MB.
System memory in use after: 119.5 MB.

Unloading 10 unused Assets to reduce memory usage. Loaded Objects now: 3288.
Total: 2.103700 ms (FindLiveObjects: 0.229400 ms CreateObjectMapping: 0.130100 ms MarkObjects: 1.695600 ms  DeleteObjects: 0.047800 ms)

========================================================================
Received Prepare
Registering precompiled user dll's ...
Registered in 0.003509 seconds.
Begin MonoManager ReloadAssembly
Native extension for WindowsStandalone target not found
Native extension for WebGL target not found
Refreshing native plugins compatible for Editor in 0.46 ms, found 1 plugins.
Preloading 0 native plugins for Editor in 0.00 ms.
Mono: successfully reloaded assembly
- Completed reload, in  0.862 seconds
Platform modules already initialized, skipping
Refreshing native plugins compatible for Editor in 0.45 ms, found 1 plugins.
Preloading 0 native plugins for Editor in 0.00 ms.
Unloading 2663 Unused Serialized files (Serialized files now loaded: 0)
System memory in use before: 119.3 MB.
System memory in use after: 119.5 MB.

Unloading 10 unused Assets to reduce memory usage. Loaded Objects now: 3291.
Total: 2.036400 ms (FindLiveObjects: 0.225800 ms CreateObjectMapping: 0.126500 ms MarkObjects: 1.640100 ms  DeleteObjects: 0.043100 ms)

========================================================================
Received Prepare
Registering precompiled user dll's ...
Registered in 0.003151 seconds.
Begin MonoManager ReloadAssembly
Native extension for WindowsStandalone target not found
Native extension for WebGL target not found
Refreshing native plugins compatible for Editor in 0.45 ms, found 1 plugins.
Preloading 0 native plugins for Editor in 0.00 ms.
Mono: successfully reloaded assembly
- Completed reload, in  0.883 seconds
Platform modules already initialized, skipping
Refreshing native plugins compatible for Editor in 0.49 ms, found 1 plugins.
Preloading 0 native plugins for Editor in 0.00 ms.
Unloading 2663 Unused Serialized files (Serialized files now loaded: 0)
System memory in use before: 119.3 MB.
System memory in use after: 119.5 MB.

Unloading 10 unused Assets to reduce memory usage. Loaded Objects now: 3294.
Total: 1.927400 ms (FindLiveObjects: 0.208100 ms CreateObjectMapping: 0.110900 ms MarkObjects: 1.558400 ms  DeleteObjects: 0.049200 ms)

========================================================================
Received Import Request.
  Time since last request: 3150.882017 seconds.
  path: Assets/Scenes
  artifactKey: Guid(a2db76a2b5903c7439d984a12f00bb42) Importer(815301076,1909f56bfc062723c751e8b465ee728b)
Start importing Assets/Scenes using Guid(a2db76a2b5903c7439d984a12f00bb42) Importer(815301076,1909f56bfc062723c751e8b465ee728b)  -> (artifact id: 'eac4a3f20b9d3cd931b83b27c5dac598') in 0.010865 seconds 
========================================================================
Received Prepare
Registering precompiled user dll's ...
Registered in 0.003546 seconds.
Begin MonoManager ReloadAssembly
Native extension for WindowsStandalone target not found
Native extension for WebGL target not found
Refreshing native plugins compatible for Editor in 0.44 ms, found 1 plugins.
Preloading 0 native plugins for Editor in 0.00 ms.
Mono: successfully reloaded assembly
- Completed reload, in  0.821 seconds
Platform modules already initialized, skipping
Refreshing native plugins compatible for Editor in 0.47 ms, found 1 plugins.
Preloading 0 native plugins for Editor in 0.00 ms.
Unloading 2663 Unused Serialized files (Serialized files now loaded: 0)
System memory in use before: 119.4 MB.
System memory in use after: 119.6 MB.

Unloading 10 unused Assets to reduce memory usage. Loaded Objects now: 3297.
Total: 2.017700 ms (FindLiveObjects: 0.211900 ms CreateObjectMapping: 0.118100 ms MarkObjects: 1.612400 ms  DeleteObjects: 0.074600 ms)

AssetImportWorkerClient::OnTransportError - code=2 error=End of file
